[debug] [2023-06-17T17:47:11.835Z] ----------------------------------------------------------------------
[debug] [2023-06-17T17:47:11.837Z] Command:       C:\Program Files\nodejs\node.exe C:\Users\Raju chaurasiya\AppData\Roaming\npm\node_modules\firebase-tools\lib\bin\firebase.js init --debug
[debug] [2023-06-17T17:47:11.837Z] CLI Version:   12.4.0
[debug] [2023-06-17T17:47:11.838Z] Platform:      win32
[debug] [2023-06-17T17:47:11.838Z] Node Version:  v18.16.0
[debug] [2023-06-17T17:47:11.839Z] Time:          Sat Jun 17 2023 23:17:11 GMT+0530 (India Standard Time)
[debug] [2023-06-17T17:47:11.840Z] ----------------------------------------------------------------------
[debug] 
[debug] [2023-06-17T17:47:11.849Z] > command requires scopes: ["email","openid","https://www.googleapis.com/auth/cloudplatformprojects.readonly","https://www.googleapis.com/auth/firebase","https://www.googleapis.com/auth/cloud-platform"]
[debug] [2023-06-17T17:47:11.851Z] > authorizing via signed-in user (chaurasiyaraju183@gmail.com)
[info] 
     ######## #### ########  ######## ########     ###     ######  ########
     ##        ##  ##     ## ##       ##     ##  ##   ##  ##       ##
     ######    ##  ########  ######   ########  #########  ######  ######
     ##        ##  ##    ##  ##       ##     ## ##     ##       ## ##
     ##       #### ##     ## ######## ########  ##     ##  ######  ########

You're about to initialize a Firebase project in this directory:

  C:\Users\Raju chaurasiya\Desktop\Project\currency_tracker3

[info] 
=== Project Setup
[info] 
[info] First, let's associate this project directory with a Firebase project.
[info] You can create multiple project aliases by running firebase use --add, 
[info] but for now we'll just set up a default project.
[info] 
[debug] [2023-06-17T17:47:21.425Z] >>> [apiv2][query] GET https://firebase.googleapis.com/v1beta1/projects pageSize=100
[debug] [2023-06-17T17:47:22.731Z] <<< [apiv2][status] GET https://firebase.googleapis.com/v1beta1/projects 200
[debug] [2023-06-17T17:47:22.732Z] <<< [apiv2][body] GET https://firebase.googleapis.com/v1beta1/projects [omitted]
[info] i  Using project mycurrencytracker-50391 (MyCurrencyTracker) 
[info] 
=== Hosting Setup
[info] 
[info] Your public directory is the folder (relative to your project directory) that
[info] will contain Hosting assets to be uploaded with firebase deploy. If you
[info] have a build process for your assets, use your build's output directory.
[info] 
[debug] [2023-06-17T17:47:37.865Z] >>> [apiv2][query] GET https://www.gstatic.com/firebasejs/releases.json [none]
[debug] [2023-06-17T17:47:59.181Z] FetchError: request to https://www.gstatic.com/firebasejs/releases.json failed, reason: connect ETIMEDOUT 139.162.197.244:443
    at ClientRequest.<anonymous> (C:\Users\Raju chaurasiya\AppData\Roaming\npm\node_modules\firebase-tools\node_modules\node-fetch\lib\index.js:1505:11)
    at ClientRequest.emit (node:events:513:28)
    at ClientRequest.emit (node:domain:489:12)
    at TLSSocket.socketErrorListener (node:_http_client:502:9)
    at TLSSocket.emit (node:events:513:28)
    at TLSSocket.emit (node:domain:489:12)
    at emitErrorNT (node:internal/streams/destroy:151:8)
    at emitErrorCloseNT (node:internal/streams/destroy:116:3)
    at process.processTicksAndRejections (node:internal/process/task_queues:82:21)
[error] 
[error] Error: Failed to make request to https://www.gstatic.com/firebasejs/releases.json
[debug] [2023-06-17T17:49:05.345Z] ----------------------------------------------------------------------
[debug] [2023-06-17T17:49:05.347Z] Command:       C:\Program Files\nodejs\node.exe C:\Users\Raju chaurasiya\AppData\Roaming\npm\node_modules\firebase-tools\lib\bin\firebase.js init --debug
[debug] [2023-06-17T17:49:05.348Z] CLI Version:   12.4.0
[debug] [2023-06-17T17:49:05.348Z] Platform:      win32
[debug] [2023-06-17T17:49:05.348Z] Node Version:  v18.16.0
[debug] [2023-06-17T17:49:05.350Z] Time:          Sat Jun 17 2023 23:19:05 GMT+0530 (India Standard Time)
[debug] [2023-06-17T17:49:05.350Z] ----------------------------------------------------------------------
[debug] 
[debug] [2023-06-17T17:49:05.359Z] > command requires scopes: ["email","openid","https://www.googleapis.com/auth/cloudplatformprojects.readonly","https://www.googleapis.com/auth/firebase","https://www.googleapis.com/auth/cloud-platform"]
[debug] [2023-06-17T17:49:05.360Z] > authorizing via signed-in user (chaurasiyaraju183@gmail.com)
[info] 
     ######## #### ########  ######## ########     ###     ######  ########
     ##        ##  ##     ## ##       ##     ##  ##   ##  ##       ##
     ######    ##  ########  ######   ########  #########  ######  ######
     ##        ##  ##    ##  ##       ##     ## ##     ##       ## ##
     ##       #### ##     ## ######## ########  ##     ##  ######  ########

You're about to initialize a Firebase project in this directory:

  C:\Users\Raju chaurasiya\Desktop\Project\currency_tracker3

[info] 
=== Project Setup
[info] 
[info] First, let's associate this project directory with a Firebase project.
[info] You can create multiple project aliases by running firebase use --add, 
[info] but for now we'll just set up a default project.
[info] 
[debug] [2023-06-17T17:49:15.955Z] >>> [apiv2][query] GET https://firebase.googleapis.com/v1beta1/projects pageSize=100
[debug] [2023-06-17T17:49:17.171Z] <<< [apiv2][status] GET https://firebase.googleapis.com/v1beta1/projects 200
[debug] [2023-06-17T17:49:17.172Z] <<< [apiv2][body] GET https://firebase.googleapis.com/v1beta1/projects [omitted]
[info] i  Using project mycurrencytracker-50391 (MyCurrencyTracker) 
[info] 
=== Hosting Setup
[info] 
[info] Your public directory is the folder (relative to your project directory) that
[info] will contain Hosting assets to be uploaded with firebase deploy. If you
[info] have a build process for your assets, use your build's output directory.
[info] 
[debug] [2023-06-17T17:49:27.266Z] >>> [apiv2][query] GET https://www.gstatic.com/firebasejs/releases.json [none]
[debug] [2023-06-17T17:49:48.949Z] FetchError: request to https://www.gstatic.com/firebasejs/releases.json failed, reason: connect ETIMEDOUT 139.162.197.244:443
    at ClientRequest.<anonymous> (C:\Users\Raju chaurasiya\AppData\Roaming\npm\node_modules\firebase-tools\node_modules\node-fetch\lib\index.js:1505:11)
    at ClientRequest.emit (node:events:513:28)
    at ClientRequest.emit (node:domain:489:12)
    at TLSSocket.socketErrorListener (node:_http_client:502:9)
    at TLSSocket.emit (node:events:513:28)
    at TLSSocket.emit (node:domain:489:12)
    at emitErrorNT (node:internal/streams/destroy:151:8)
    at emitErrorCloseNT (node:internal/streams/destroy:116:3)
    at process.processTicksAndRejections (node:internal/process/task_queues:82:21)
[error] 
[error] Error: Failed to make request to https://www.gstatic.com/firebasejs/releases.json
